<?xml version="1.0" encoding="UTF-8"?><testsuite errors="0" failures="0" name="com.req.res.reqresinfo.ReqResCURDTest" skipped="0" tests="4" time="17.39" timestamp="2020-05-20T12:21:07.967+01:00[Europe/London]"><testcase classname="com.req.res.reqresinfo.ReqResCURDTest" name="This test will User from the updated record"/><testcase classname="com.req.res.reqresinfo.ReqResCURDTest" name="This test will update details of an user id 10 "/><testcase classname="com.req.res.reqresinfo.ReqResCURDTest" name="This test will delete an User"/><testcase classname="com.req.res.reqresinfo.ReqResCURDTest" name="Create Request"/></testsuite>